Build started 04/06/2016 01:08:34.
     1>Project "C:\Users\Josh\Desktop\JoshMathsGitRepo\JoshMaths\Josh Maths\Josh Maths.vcxproj" on node 2 (Rebuild target(s)).
     1>ClCompile:
         C:\Program Files (x86)\Microsoft Visual Studio 12.0\VC\bin\CL.exe /c /ZI /nologo /W3 /WX- /sdl /Od /Oy- /D _UNICODE /D UNICODE /Gm /EHsc /RTC1 /MDd /GS /fp:precise /Zc:wchar_t /Zc:forScope /Fo"Debug\\" /Fd"Debug\vc120.pdb" /Gd /TP /analyze- /errorReport:prompt JoshMath.cpp
         JoshMath.cpp
     1>c:\users\josh\desktop\joshmathsgitrepo\joshmaths\josh maths\joshmath.cpp(241): warning C4244: 'return' : conversion from 'double' to 'float', possible loss of data
     1>c:\users\josh\desktop\joshmathsgitrepo\joshmaths\josh maths\joshmath.cpp(246): warning C4244: 'return' : conversion from 'double' to 'float', possible loss of data
     1>c:\users\josh\desktop\joshmathsgitrepo\joshmaths\josh maths\joshmath.cpp(1638): error C4716: 'Math::VolumeIntersection::volumesOverlap' : must return a value
     1>c:\users\josh\desktop\joshmathsgitrepo\joshmaths\josh maths\joshmath.cpp(1651): error C4716: 'Math::VolumeIntersection::volumesOverlap' : must return a value
     1>c:\users\josh\desktop\joshmathsgitrepo\joshmaths\josh maths\joshmath.cpp(1656): error C4716: 'Math::VolumeIntersection::volumesOverlap' : must return a value
     1>c:\users\josh\desktop\joshmathsgitrepo\joshmaths\josh maths\joshmath.cpp(1661): error C4716: 'Math::VolumeIntersection::pointInBoundingVolume' : must return a value
     1>c:\users\josh\desktop\joshmathsgitrepo\joshmaths\josh maths\joshmath.cpp(1666): error C4716: 'Math::VolumeIntersection::pointInBoundingVolume' : must return a value
     1>c:\users\josh\desktop\joshmathsgitrepo\joshmaths\josh maths\joshmath.cpp(1671): error C4716: 'Math::VolumeIntersection::pointInBoundingVolume' : must return a value
     1>c:\users\josh\desktop\joshmathsgitrepo\joshmaths\josh maths\joshmath.cpp(1676): error C4716: 'Math::VolumeIntersection::pointInBoundingVolume' : must return a value
     1>c:\users\josh\desktop\joshmathsgitrepo\joshmaths\josh maths\joshmath.cpp(1681): error C4716: 'Math::VolumeIntersection::volumeInRayPath' : must return a value
     1>c:\users\josh\desktop\joshmathsgitrepo\joshmaths\josh maths\joshmath.cpp(1686): error C4716: 'Math::VolumeIntersection::volumeInRayPath' : must return a value
     1>c:\users\josh\desktop\joshmathsgitrepo\joshmaths\josh maths\joshmath.cpp(1691): error C4716: 'Math::VolumeIntersection::volumeInRayPath' : must return a value
     1>c:\users\josh\desktop\joshmathsgitrepo\joshmaths\josh maths\joshmath.cpp(1696): error C4716: 'Math::VolumeIntersection::volumeInRayPath' : must return a value
     1>c:\users\josh\desktop\joshmathsgitrepo\joshmaths\josh maths\joshmath.cpp(1701): error C4716: 'Math::VolumeIntersection::rayDistanceToCollision' : must return a value
     1>c:\users\josh\desktop\joshmathsgitrepo\joshmaths\josh maths\joshmath.cpp(1706): error C4716: 'Math::VolumeIntersection::rayDistanceToCollision' : must return a value
     1>c:\users\josh\desktop\joshmathsgitrepo\joshmaths\josh maths\joshmath.cpp(1711): error C4716: 'Math::VolumeIntersection::rayDistanceToCollision' : must return a value
     1>c:\users\josh\desktop\joshmathsgitrepo\joshmaths\josh maths\joshmath.cpp(1716): error C4716: 'Math::VolumeIntersection::rayDistanceToCollision' : must return a value
     1>Done Building Project "C:\Users\Josh\Desktop\JoshMathsGitRepo\JoshMaths\Josh Maths\Josh Maths.vcxproj" (Rebuild target(s)) -- FAILED.

Build FAILED.

Time Elapsed 00:00:01.70
